[00:51:56] [User Authenticator #127/INFO]: UUID of player DecidedFate333 is 6f3c3ca0-fede-4d14-a439-c7d3bd7abb06
[00:51:56] [Server thread/INFO]: DecidedFate333[/64.201.204.125:49493] logged in with entity id 39402003 at (-904.5811234519791, 67.5, 407.7628041543322)
[00:51:56] [Server thread/INFO]: DecidedFate333 joined the game
[01:23:44] [Server thread/WARN]: DecidedFate333 moved too quickly! -7255.79001705213,1.0,6389.0
[01:23:59] [Server thread/WARN]: DecidedFate333 moved too quickly! 7256.021790049261,-1.0,-6389.0
[01:29:56] [Server thread/INFO]: DecidedFate333 lost connection: TextComponent{text='Disconnected', siblings=[], style=Style{hasParent=false, color=null, bold=null, italic=null, underlined=null, obfuscated=null, clickEvent=null, hoverEvent=null, insertion=null}}
[01:29:56] [Server thread/INFO]: DecidedFate333 left the game
[02:51:06] [User Authenticator #128/INFO]: UUID of player DecidedFate333 is 6f3c3ca0-fede-4d14-a439-c7d3bd7abb06
[02:51:06] [Server thread/INFO]: DecidedFate333[/64.201.204.125:49987] logged in with entity id 39416620 at (-905.0771909718874, 67.5, 405.30996934125506)
[02:51:06] [Server thread/INFO]: DecidedFate333 joined the game
[02:57:44] [Server thread/INFO]: DecidedFate333 lost connection: TextComponent{text='Disconnected', siblings=[], style=Style{hasParent=false, color=null, bold=null, italic=null, underlined=null, obfuscated=null, clickEvent=null, hoverEvent=null, insertion=null}}
[02:57:44] [Server thread/INFO]: DecidedFate333 left the game
[03:05:43] [User Authenticator #129/INFO]: UUID of player DecidedFate333 is 6f3c3ca0-fede-4d14-a439-c7d3bd7abb06
[03:05:43] [Server thread/INFO]: DecidedFate333[/64.201.204.125:49998] logged in with entity id 39417984 at (-870.4399559776818, 63.0, 458.1030489353679)
[03:05:43] [Server thread/INFO]: DecidedFate333 joined the game
[03:32:15] [Server thread/INFO]: DecidedFate333 lost connection: TextComponent{text='Disconnected', siblings=[], style=Style{hasParent=false, color=null, bold=null, italic=null, underlined=null, obfuscated=null, clickEvent=null, hoverEvent=null, insertion=null}}
[03:32:15] [Server thread/INFO]: DecidedFate333 left the game
[05:45:55] [User Authenticator #130/INFO]: UUID of player DecidedFate333 is 6f3c3ca0-fede-4d14-a439-c7d3bd7abb06
[05:45:55] [Server thread/INFO]: DecidedFate333[/64.201.204.125:50147] logged in with entity id 39427810 at (-903.5428051414531, 109.5, 407.4916011359509)
[05:45:55] [Server thread/INFO]: DecidedFate333 joined the game
[05:50:53] [Server thread/INFO]: DecidedFate333 lost connection: TextComponent{text='Disconnected', siblings=[], style=Style{hasParent=false, color=null, bold=null, italic=null, underlined=null, obfuscated=null, clickEvent=null, hoverEvent=null, insertion=null}}
[05:50:53] [Server thread/INFO]: DecidedFate333 left the game
[06:02:31] [User Authenticator #131/INFO]: UUID of player DecidedFate333 is 6f3c3ca0-fede-4d14-a439-c7d3bd7abb06
[06:02:31] [Server thread/INFO]: DecidedFate333[/64.201.204.125:50197] logged in with entity id 39428639 at (-905.7928717763002, 67.5, 405.4415612334295)
[06:02:31] [Server thread/INFO]: DecidedFate333 joined the game
[06:06:41] [Server thread/INFO]: DecidedFate333 lost connection: TextComponent{text='Disconnected', siblings=[], style=Style{hasParent=false, color=null, bold=null, italic=null, underlined=null, obfuscated=null, clickEvent=null, hoverEvent=null, insertion=null}}
[06:06:41] [Server thread/INFO]: DecidedFate333 left the game
[06:41:05] [User Authenticator #132/INFO]: UUID of player DecidedFate333 is 6f3c3ca0-fede-4d14-a439-c7d3bd7abb06
[06:41:05] [Server thread/INFO]: DecidedFate333[/64.201.204.125:50262] logged in with entity id 39429434 at (-905.7928717763002, 67.5, 405.4415612334295)
[06:41:05] [Server thread/INFO]: DecidedFate333 joined the game
[06:46:40] [Server thread/INFO]: DecidedFate333 lost connection: TextComponent{text='Disconnected', siblings=[], style=Style{hasParent=false, color=null, bold=null, italic=null, underlined=null, obfuscated=null, clickEvent=null, hoverEvent=null, insertion=null}}
[06:46:40] [Server thread/INFO]: DecidedFate333 left the game
[06:50:08] [User Authenticator #133/INFO]: UUID of player DecidedFate333 is 6f3c3ca0-fede-4d14-a439-c7d3bd7abb06
[06:50:08] [Server thread/INFO]: DecidedFate333[/64.201.204.125:50274] logged in with entity id 39430884 at (-868.3871769342892, 62.0, 441.37975330801515)
[06:50:08] [Server thread/INFO]: DecidedFate333 joined the game
[07:48:35] [Server thread/WARN]: Can't keep up! Did the system time change, or is the server overloaded? Running 2038ms behind, skipping 40 tick(s)
[07:48:35] [Server thread/WARN]: DecidedFate333 moved too quickly! -8411.528701328396,-19.0,6650.582572950818
[08:11:53] [Server thread/WARN]: DecidedFate333 moved too quickly! 8411.618916403502,19.0,-6650.540276369197
[08:19:56] [Server thread/WARN]: DecidedFate333 moved too quickly! 211.3847609839349,10.0,-10.727531426034496
[08:25:58] [Server thread/INFO]: DecidedFate333 lost connection: TextComponent{text='Disconnected', siblings=[], style=Style{hasParent=false, color=null, bold=null, italic=null, underlined=null, obfuscated=null, clickEvent=null, hoverEvent=null, insertion=null}}
[08:25:58] [Server thread/INFO]: DecidedFate333 left the game
[08:27:41] [User Authenticator #134/INFO]: UUID of player DecidedFate333 is 6f3c3ca0-fede-4d14-a439-c7d3bd7abb06
[08:27:41] [Server thread/INFO]: DecidedFate333[/64.201.204.125:51078] logged in with entity id 39507743 at (304.1041650610818, 74.0, -465.8257841725814)
[08:27:41] [Server thread/INFO]: DecidedFate333 joined the game
[08:29:51] [Server thread/WARN]: DecidedFate333 moved too quickly! -273.9078068436272,-51.0,402.2272382308611
[08:30:23] [Server thread/WARN]: DecidedFate333 moved too quickly! 211.0,10.0,-10.903552681902204
[08:35:52] [Server thread/WARN]: DecidedFate333 moved too quickly! -210.80000001192093,-10.0,12.052135993261722
[08:42:20] [Server thread/WARN]: DecidedFate333 moved too quickly! -8411.075037963583,-19.0,6650.112548131828
[08:52:43] [Server thread/INFO]: <DecidedFate333> -9668, 7669
[08:55:15] [Server thread/WARN]: DecidedFate333 moved too quickly! 8411.78201198612,19.0,-6650.982384667236
[09:00:48] [Server thread/WARN]: DecidedFate333 moved too quickly! 211.54957465588677,10.0,-10.852564022215201
[09:01:05] [Server thread/INFO]: DecidedFate333 lost connection: TextComponent{text='Disconnected', siblings=[], style=Style{hasParent=false, color=null, bold=null, italic=null, underlined=null, obfuscated=null, clickEvent=null, hoverEvent=null, insertion=null}}
[09:01:05] [Server thread/INFO]: DecidedFate333 left the game
[19:39:33] [User Authenticator #135/INFO]: UUID of player DecidedFate333 is 6f3c3ca0-fede-4d14-a439-c7d3bd7abb06
[19:39:33] [Server thread/INFO]: DecidedFate333[/64.201.204.125:51545] logged in with entity id 39547712 at (241.3685786175281, 101.0, -12.134230039955959)
[19:39:33] [Server thread/INFO]: DecidedFate333 joined the game
[19:47:00] [Server thread/WARN]: Keeping entity minecraft:chicken that already exists with UUID 51f50be1-2faa-4441-b53e-c6dee4ad594a
[19:47:40] [Server thread/WARN]: DecidedFate333 moved too quickly! -4.622568633861761,1.252203340253729,9.110286783601367
[20:01:37] [Server thread/WARN]: DecidedFate333 moved too quickly! -210.80000001192093,-10.0,13.0915875762377
[20:48:33] [Server thread/WARN]: DecidedFate333 moved too quickly! -8457.678431105694,2.0,6708.8784310937735
[21:04:00] [Server thread/INFO]: DecidedFate333 lost connection: TextComponent{text='Disconnected', siblings=[], style=Style{hasParent=false, color=null, bold=null, italic=null, underlined=null, obfuscated=null, clickEvent=null, hoverEvent=null, insertion=null}}
[21:04:00] [Server thread/INFO]: DecidedFate333 left the game
[21:36:53] [User Authenticator #136/INFO]: UUID of player DecidedFate333 is 6f3c3ca0-fede-4d14-a439-c7d3bd7abb06
[21:36:53] [Server thread/INFO]: DecidedFate333[/64.201.204.125:51658] logged in with entity id 39638997 at (-9624.46093223347, 92.0, 7627.802179994523)
[21:36:53] [Server thread/INFO]: DecidedFate333 joined the game
[21:45:01] [Server thread/INFO]: <DecidedFate333> -9787, 7608
[21:57:01] [Server thread/INFO]: [Server] I am rebooting the server and updateing it
[21:57:05] [Server thread/INFO]: <DecidedFate333> ok
[21:57:06] [Server thread/INFO]: DecidedFate333 lost connection: TextComponent{text='Disconnected', siblings=[], style=Style{hasParent=false, color=null, bold=null, italic=null, underlined=null, obfuscated=null, clickEvent=null, hoverEvent=null, insertion=null}}
[21:57:06] [Server thread/INFO]: DecidedFate333 left the game
[21:57:14] [Server thread/INFO]: Unknown command. Try /help for a list of commands
[21:57:18] [Server Shutdown Thread/INFO]: Stopping server
[21:57:18] [Server Shutdown Thread/INFO]: Saving players
